Using pre-set license
Built from '6000.0/staging' branch; Version is '6000.0.32f1 (b2e806cf271c) revision 11724806'; Using compiler version '193933523'; Build Type 'Release'
OS: 'Windows 11  (10.0.26100) 64bit Professional' Language: 'en' Physical Memory: 32011 MB
BatchMode: 1, IsHumanControllingUs: 0, StartBugReporterOnCrash: 0, Is64bit: 1, IsPro: 1

COMMAND LINE ARGUMENTS:
C:\Program Files\Unity\Hub\Editor\6000.0.32f1\Editor\Unity.exe
-adb2
-batchMode
-noUpm
-name
AssetImportWorker2
-projectPath
C:/Users/maxim/Tile Master
-logFile
Logs/AssetImportWorker2.log
-srvPort
49322
-job-worker-count
7
-background-job-worker-count
8
-gc-helper-count
1
Successfully changed project path to: C:/Users/maxim/Tile Master
C:/Users/maxim/Tile Master
[UnityMemory] Configuration Parameters - Can be set up in boot.config
    "memorysetup-bucket-allocator-granularity=16"
    "memorysetup-bucket-allocator-bucket-count=8"
    "memorysetup-bucket-allocator-block-size=33554432"
    "memorysetup-bucket-allocator-block-count=8"
    "memorysetup-main-allocator-block-size=16777216"
    "memorysetup-thread-allocator-block-size=16777216"
    "memorysetup-gfx-main-allocator-block-size=16777216"
    "memorysetup-gfx-thread-allocator-block-size=16777216"
    "memorysetup-cache-allocator-block-size=4194304"
    "memorysetup-typetree-allocator-block-size=2097152"
    "memorysetup-profiler-bucket-allocator-granularity=16"
    "memorysetup-profiler-bucket-allocator-bucket-count=8"
    "memorysetup-profiler-bucket-allocator-block-size=33554432"
    "memorysetup-profiler-bucket-allocator-block-count=8"
    "memorysetup-profiler-allocator-block-size=16777216"
    "memorysetup-profiler-editor-allocator-block-size=1048576"
    "memorysetup-temp-allocator-size-main=16777216"
    "memorysetup-job-temp-allocator-block-size=2097152"
    "memorysetup-job-temp-allocator-block-size-background=1048576"
    "memorysetup-job-temp-allocator-reduction-small-platforms=262144"
    "memorysetup-allocator-temp-initial-block-size-main=262144"
    "memorysetup-allocator-temp-initial-block-size-worker=262144"
    "memorysetup-temp-allocator-size-background-worker=32768"
    "memorysetup-temp-allocator-size-job-worker=262144"
    "memorysetup-temp-allocator-size-preload-manager=33554432"
    "memorysetup-temp-allocator-size-nav-mesh-worker=65536"
    "memorysetup-temp-allocator-size-audio-worker=65536"
    "memorysetup-temp-allocator-size-cloud-worker=32768"
    "memorysetup-temp-allocator-size-gi-baking-worker=262144"
    "memorysetup-temp-allocator-size-gi-baking-worker=262144"
    "memorysetup-temp-allocator-size-gi-baking-worker=262144"
    "memorysetup-temp-allocator-size-gi-baking-worker=262144"
    "memorysetup-temp-allocator-size-gi-baking-worker=262144"
    "memorysetup-temp-allocator-size-gfx=262144"
Player connection [27736]  Target information:

Player connection [27736]  * "[IP] 192.168.56.1 [Port] 0 [Flags] 2 [Guid] 1669860446 [EditorId] 1669860446 [Version] 1048832 [Id] WindowsEditor(7,Maksym) [Debug] 1 [PackageName] WindowsEditor [ProjectName] Editor" 

Player connection [27736]  * "[IP] 192.168.31.126 [Port] 0 [Flags] 2 [Guid] 1669860446 [EditorId] 1669860446 [Version] 1048832 [Id] WindowsEditor(7,Maksym) [Debug] 1 [PackageName] WindowsEditor [ProjectName] Editor" 

Player connection [27736] Host joined multi-casting on [225.0.0.222:54997]...
Player connection [27736] Host joined alternative multi-casting on [225.0.0.222:34997]...
JobSystem: Creating JobQueue using job-worker-count value 7
[Physics::Module] Initialized fallback backend.
[Physics::Module] Id: 0xdecafbad
Library Redirect Path: Library/
[Physics::Module] Selected backend.
[Physics::Module] Name: PhysX
[Physics::Module] Id: 0xf2b8ea05
[Physics::Module] SDK Version: 4.1.2
[Physics::Module] Integration Version: 1.0.0
[Physics::Module] Threading Mode: Multi-Threaded
Refreshing native plugins compatible for Editor in 267.19 ms, found 4 plugins.
Preloading 0 native plugins for Editor in 0.00 ms.
Initialize engine version: 6000.0.32f1 (b2e806cf271c)
[Subsystems] Discovering subsystems at path C:/Program Files/Unity/Hub/Editor/6000.0.32f1/Editor/Data/Resources/UnitySubsystems
[Subsystems] Discovering subsystems at path C:/Users/maxim/Tile Master/Assets
GfxDevice: creating device client; kGfxThreadingModeNonThreaded
Direct3D:
    Version:  Direct3D 11.0 [level 11.1]
    Renderer: AMD Radeon 780M Graphics (ID=0x1900)
    Vendor:   ATI
    VRAM:     16005 MB
    Driver:   32.0.11038.5002
Initialize mono
Mono path[0] = 'C:/Program Files/Unity/Hub/Editor/6000.0.32f1/Editor/Data/Managed'
Mono path[1] = 'C:/Program Files/Unity/Hub/Editor/6000.0.32f1/Editor/Data/MonoBleedingEdge/lib/mono/unityjit-win32'
Mono config path = 'C:/Program Files/Unity/Hub/Editor/6000.0.32f1/Editor/Data/MonoBleedingEdge/etc'
Using monoOptions --debugger-agent=transport=dt_socket,embedding=1,server=y,suspend=n,address=127.0.0.1:56140
Begin MonoManager ReloadAssembly
Registering precompiled unity dll's ...
Register platform support module: C:/Program Files/Unity/Hub/Editor/6000.0.32f1/Editor/Data/PlaybackEngines/WebGLSupport/UnityEditor.WebGL.Extensions.dll
Register platform support module: C:/Program Files/Unity/Hub/Editor/6000.0.32f1/Editor/Data/PlaybackEngines/WindowsStandaloneSupport/UnityEditor.WindowsStandalone.Extensions.dll
Register platform support module: C:/Program Files/Unity/Hub/Editor/6000.0.32f1/Editor/Data/PlaybackEngines/AndroidPlayer/UnityEditor.Android.Extensions.dll
Register platform support module: C:/Program Files/Unity/Hub/Editor/6000.0.32f1/Editor/Data/PlaybackEngines/iOSSupport/UnityEditor.iOS.Extensions.dll
Registered in 0.005097 seconds.
- Loaded All Assemblies, in  1.042 seconds
[usbmuxd] Start listen thread
[usbmuxd] Listen thread started
Native extension for iOS target not found
Native extension for Android target not found
Android Extension - Scanning For ADB Devices 255 ms
Native extension for WindowsStandalone target not found
Native extension for WebGL target not found
Mono: successfully reloaded assembly
- Finished resetting the current domain, in  0.642 seconds
Domain Reload Profiling: 1683ms
	BeginReloadAssembly (185ms)
		ExecutionOrderSort (0ms)
		DisableScriptedObjects (0ms)
		BackupInstance (0ms)
		ReleaseScriptingObjects (0ms)
		CreateAndSetChildDomain (1ms)
	RebuildCommonClasses (217ms)
	RebuildNativeTypeToScriptingClass (10ms)
	initialDomainReloadingComplete (41ms)
	LoadAllAssembliesAndSetupDomain (588ms)
		LoadAssemblies (184ms)
		RebuildTransferFunctionScriptingTraits (0ms)
		AnalyzeDomain (583ms)
			TypeCache.Refresh (581ms)
				TypeCache.ScanAssembly (571ms)
			BuildScriptInfoCaches (0ms)
			ResolveRequiredComponents (0ms)
	FinalizeReload (643ms)
		ReleaseScriptCaches (0ms)
		RebuildScriptCaches (0ms)
		SetupLoadedEditorAssemblies (600ms)
			LogAssemblyErrors (0ms)
			InitializePlatformSupportModulesInManaged (408ms)
			SetLoadedEditorAssemblies (3ms)
			BeforeProcessingInitializeOnLoad (38ms)
			ProcessInitializeOnLoadAttributes (104ms)
			ProcessInitializeOnLoadMethodAttributes (47ms)
			AfterProcessingInitializeOnLoad (0ms)
			EditorAssembliesLoaded (0ms)
		ExecutionOrderSort2 (0ms)
		AwakeInstancesAfterBackupRestoration (0ms)
========================================================================
Worker process is ready to serve import requests
Import Worker Mode flag is 0x00
Begin MonoManager ReloadAssembly
- Loaded All Assemblies, in  0.945 seconds
Refreshing native plugins compatible for Editor in 1.35 ms, found 4 plugins.
Native extension for iOS target not found
Native extension for Android target not found
Native extension for WindowsStandalone target not found
Native extension for WebGL target not found
Mono: successfully reloaded assembly
- Finished resetting the current domain, in  1.052 seconds
Domain Reload Profiling: 1992ms
	BeginReloadAssembly (169ms)
		ExecutionOrderSort (0ms)
		DisableScriptedObjects (5ms)
		BackupInstance (0ms)
		ReleaseScriptingObjects (0ms)
		CreateAndSetChildDomain (33ms)
	RebuildCommonClasses (38ms)
	RebuildNativeTypeToScriptingClass (10ms)
	initialDomainReloadingComplete (38ms)
	LoadAllAssembliesAndSetupDomain (685ms)
		LoadAssemblies (492ms)
		RebuildTransferFunctionScriptingTraits (0ms)
		AnalyzeDomain (289ms)
			TypeCache.Refresh (219ms)
				TypeCache.ScanAssembly (132ms)
			BuildScriptInfoCaches (55ms)
			ResolveRequiredComponents (9ms)
	FinalizeReload (1053ms)
		ReleaseScriptCaches (0ms)
		RebuildScriptCaches (0ms)
		SetupLoadedEditorAssemblies (660ms)
			LogAssemblyErrors (0ms)
			InitializePlatformSupportModulesInManaged (14ms)
			SetLoadedEditorAssemblies (2ms)
			BeforeProcessingInitializeOnLoad (81ms)
			ProcessInitializeOnLoadAttributes (447ms)
			ProcessInitializeOnLoadMethodAttributes (112ms)
			AfterProcessingInitializeOnLoad (4ms)
			EditorAssembliesLoaded (0ms)
		ExecutionOrderSort2 (0ms)
		AwakeInstancesAfterBackupRestoration (4ms)
Launched and connected shader compiler UnityShaderCompiler.exe after 0.01 seconds
Refreshing native plugins compatible for Editor in 1.70 ms, found 4 plugins.
Preloading 0 native plugins for Editor in 0.00 ms.
Unloading 220 Unused Serialized files (Serialized files now loaded: 0)
Unloading 6586 unused Assets / (5.2 MB). Loaded Objects now: 7283.
Memory consumption went from 178.2 MB to 173.0 MB.
Total: 16.087200 ms (FindLiveObjects: 1.181300 ms CreateObjectMapping: 0.441100 ms MarkObjects: 9.347600 ms  DeleteObjects: 5.115500 ms)

========================================================================
Received Import Request.
  Time since last request: 329978.337106 seconds.
  path: Assets/Lana Studio/Hyper Casual FX/Textures/Blast_directional.png
  artifactKey: Guid(d4ed2c24a7c24e3419b43faf029ce757) Importer(815301076,1909f56bfc062723c751e8b465ee728b)
Start importing Assets/Lana Studio/Hyper Casual FX/Textures/Blast_directional.png using Guid(d4ed2c24a7c24e3419b43faf029ce757) Importer(815301076,1909f56bfc062723c751e8b465ee728b) (PreviewImporter) -> (artifact id: '17ebaae8228f3bde368f5077ff813d79') in 0.0898462 seconds
Number of updated asset objects reloaded before import = 0Number of asset objects unloaded after import = 3

========================================================================
Received Import Request.
  Time since last request: 0.024426 seconds.
  path: Assets/Lana Studio/Hyper Casual FX/Textures/Circle01.png
  artifactKey: Guid(098eca53dfcb7b14989fd25bda5a8314) Importer(815301076,1909f56bfc062723c751e8b465ee728b)
Start importing Assets/Lana Studio/Hyper Casual FX/Textures/Circle01.png using Guid(098eca53dfcb7b14989fd25bda5a8314) Importer(815301076,1909f56bfc062723c751e8b465ee728b) (PreviewImporter) -> (artifact id: '9f39c1937d8ee33891af83f7a1ff5aa2') in 0.018821 seconds
Number of updated asset objects reloaded before import = 0Number of asset objects unloaded after import = 3

========================================================================
Received Import Request.
  Time since last request: 0.000013 seconds.
  path: Assets/Lana Studio/Hyper Casual FX/Textures/Circle06.png
  artifactKey: Guid(19a47a1a975ddeb4992226a4867d9eb9) Importer(815301076,1909f56bfc062723c751e8b465ee728b)
Start importing Assets/Lana Studio/Hyper Casual FX/Textures/Circle06.png using Guid(19a47a1a975ddeb4992226a4867d9eb9) Importer(815301076,1909f56bfc062723c751e8b465ee728b) (PreviewImporter) -> (artifact id: 'cad61e3542d98858387589982c7cb47e') in 0.0219846 seconds
Number of updated asset objects reloaded before import = 0Number of asset objects unloaded after import = 3

========================================================================
Received Import Request.
  Time since last request: 1.754817 seconds.
  path: Assets/Lana Studio/Hyper Casual FX/Textures/drop.png
  artifactKey: Guid(fa7777da9f2101d4898e23c5e4b0010d) Importer(815301076,1909f56bfc062723c751e8b465ee728b)
Start importing Assets/Lana Studio/Hyper Casual FX/Textures/drop.png using Guid(fa7777da9f2101d4898e23c5e4b0010d) Importer(815301076,1909f56bfc062723c751e8b465ee728b) (PreviewImporter) -> (artifact id: '0cdb3c04207d2e2d2fa59ca45a1f4b0b') in 0.0193793 seconds
Number of updated asset objects reloaded before import = 0Number of asset objects unloaded after import = 3

========================================================================
Received Import Request.
  Time since last request: 0.000016 seconds.
  path: Assets/Lana Studio/Hyper Casual FX/Textures/Gradient01.png
  artifactKey: Guid(1ad88c9c9b62b4e40af9d2d3db57588d) Importer(815301076,1909f56bfc062723c751e8b465ee728b)
Start importing Assets/Lana Studio/Hyper Casual FX/Textures/Gradient01.png using Guid(1ad88c9c9b62b4e40af9d2d3db57588d) Importer(815301076,1909f56bfc062723c751e8b465ee728b) (PreviewImporter) -> (artifact id: '41cf3b07165f286b9f0d8c4777286a8f') in 0.0194162 seconds
Number of updated asset objects reloaded before import = 0Number of asset objects unloaded after import = 3

========================================================================
Received Import Request.
  Time since last request: 0.000039 seconds.
  path: Assets/Lana Studio/Hyper Casual FX/Textures/Flare02.png
  artifactKey: Guid(c1b77ffedb1987f43a8aeb4b0eecd391) Importer(815301076,1909f56bfc062723c751e8b465ee728b)
Start importing Assets/Lana Studio/Hyper Casual FX/Textures/Flare02.png using Guid(c1b77ffedb1987f43a8aeb4b0eecd391) Importer(815301076,1909f56bfc062723c751e8b465ee728b) (PreviewImporter) -> (artifact id: '49f43b50aed38b3c8a61f71a82748dad') in 0.0233953 seconds
Number of updated asset objects reloaded before import = 0Number of asset objects unloaded after import = 3

========================================================================
Received Import Request.
  Time since last request: 0.202888 seconds.
  path: Assets/Sprites/Bricks/Style1/greenStone.png
  artifactKey: Guid(77d5df1666ec9af4eac2e164b4b087da) Importer(815301076,1909f56bfc062723c751e8b465ee728b)
Start importing Assets/Sprites/Bricks/Style1/greenStone.png using Guid(77d5df1666ec9af4eac2e164b4b087da) Importer(815301076,1909f56bfc062723c751e8b465ee728b) (PreviewImporter) -> (artifact id: '656b60dcedbd3610b9a4fee51b6cc559') in 0.0205635 seconds
Number of updated asset objects reloaded before import = 0Number of asset objects unloaded after import = 3

========================================================================
Received Import Request.
  Time since last request: 290.658690 seconds.
  path: Assets/TextMesh Pro/Examples & Extras/Resources/Fonts & Materials/Roboto-Bold SDF.asset
  artifactKey: Guid(5302535af1044152a457ed104f1f4b91) Importer(815301076,1909f56bfc062723c751e8b465ee728b)
Start importing Assets/TextMesh Pro/Examples & Extras/Resources/Fonts & Materials/Roboto-Bold SDF.asset using Guid(5302535af1044152a457ed104f1f4b91) Importer(815301076,1909f56bfc062723c751e8b465ee728b) (PreviewImporter) -> (artifact id: '28e37cd21ced1a5b71caaf4bd6387eab') in 0.4048608 seconds
Number of updated asset objects reloaded before import = 0Number of asset objects unloaded after import = 6

========================================================================
Received Import Request.
  Time since last request: 177.121156 seconds.
  path: Assets/Sprites/2D Casual UI/Sprite/GUI_ver2.png
  artifactKey: Guid(ddeb4091fab99bb49ab350ae3803a87d) Importer(815301076,1909f56bfc062723c751e8b465ee728b)
Start importing Assets/Sprites/2D Casual UI/Sprite/GUI_ver2.png using Guid(ddeb4091fab99bb49ab350ae3803a87d) Importer(815301076,1909f56bfc062723c751e8b465ee728b) (PreviewImporter) -> (artifact id: '10cc7021b414ffefa7471dea6619a1bb') in 0.1639929 seconds
Number of updated asset objects reloaded before import = 0Number of asset objects unloaded after import = 69

========================================================================
Received Import Request.
  Time since last request: 570.429911 seconds.
  path: Assets/Sprites/2D Casual UI/Sprite/GUI_red.png
  artifactKey: Guid(e45a7ae5e64681a4b9890953a5b4b611) Importer(815301076,1909f56bfc062723c751e8b465ee728b)
Start importing Assets/Sprites/2D Casual UI/Sprite/GUI_red.png using Guid(e45a7ae5e64681a4b9890953a5b4b611) Importer(815301076,1909f56bfc062723c751e8b465ee728b) (PreviewImporter) -> (artifact id: 'b0e822a68f0c67af52f45a272fe25e62') in 0.0648735 seconds
Number of updated asset objects reloaded before import = 0Number of asset objects unloaded after import = 21

========================================================================
Received Import Request.
  Time since last request: 576.188697 seconds.
  path: Assets/Sprites/2D Casual UI/Sprite/GUI_blue.png
  artifactKey: Guid(750ebc7b60ba33648b161edb08f278e4) Importer(815301076,1909f56bfc062723c751e8b465ee728b)
Start importing Assets/Sprites/2D Casual UI/Sprite/GUI_blue.png using Guid(750ebc7b60ba33648b161edb08f278e4) Importer(815301076,1909f56bfc062723c751e8b465ee728b) (PreviewImporter) -> (artifact id: 'b9aa342970db7d4a74682c801b6b8f09') in 0.1945978 seconds
Number of updated asset objects reloaded before import = 0Number of asset objects unloaded after import = 71

========================================================================
Received Import Request.
  Time since last request: 84.700897 seconds.
  path: Assets/Sprites/2D Casual UI/Sprite/GUI_ver2.png
  artifactKey: Guid(ddeb4091fab99bb49ab350ae3803a87d) Importer(815301076,1909f56bfc062723c751e8b465ee728b)
Start importing Assets/Sprites/2D Casual UI/Sprite/GUI_ver2.png using Guid(ddeb4091fab99bb49ab350ae3803a87d) Importer(815301076,1909f56bfc062723c751e8b465ee728b) (PreviewImporter) -> (artifact id: '7008d36b323ca791fd4f9fe6224feb20') in 0.1411389 seconds
Number of updated asset objects reloaded before import = 0Number of asset objects unloaded after import = 69

========================================================================
Received Import Request.
  Time since last request: 3.931047 seconds.
  path: Assets/Sprites/2D Casual UI/Sprite/GUI_blue.png
  artifactKey: Guid(ddeb4091fab99bb49ab350ae3803a87d) Importer(815301076,1909f56bfc062723c751e8b465ee728b)
Start importing Assets/Sprites/2D Casual UI/Sprite/GUI_blue.png using Guid(ddeb4091fab99bb49ab350ae3803a87d) Importer(815301076,1909f56bfc062723c751e8b465ee728b) (PreviewImporter) -> (artifact id: 'bc0d51989307bbab6e16701b14c4f143') in 0.139262 seconds
Number of updated asset objects reloaded before import = 0Number of asset objects unloaded after import = 69

========================================================================
Received Import Request.
  Time since last request: 13.715863 seconds.
  path: Assets/Sprites/2D Casual UI/Sprite/GUI_green.png
  artifactKey: Guid(b6774cdb49900114db8b03547136e5d5) Importer(815301076,1909f56bfc062723c751e8b465ee728b)
Start importing Assets/Sprites/2D Casual UI/Sprite/GUI_green.png using Guid(b6774cdb49900114db8b03547136e5d5) Importer(815301076,1909f56bfc062723c751e8b465ee728b) (PreviewImporter) -> (artifact id: 'b3801d11f663c73093c44f0ea7ed3bf4') in 0.0693165 seconds
Number of updated asset objects reloaded before import = 0Number of asset objects unloaded after import = 20

========================================================================
Received Import Request.
  Time since last request: 87.615741 seconds.
  path: Assets/Sprites/2D Casual UI/Sprite/GUI_green.png
  artifactKey: Guid(b6774cdb49900114db8b03547136e5d5) Importer(815301076,1909f56bfc062723c751e8b465ee728b)
Start importing Assets/Sprites/2D Casual UI/Sprite/GUI_green.png using Guid(b6774cdb49900114db8b03547136e5d5) Importer(815301076,1909f56bfc062723c751e8b465ee728b) (PreviewImporter) -> (artifact id: 'f8dbf95d50087fa45a78924902bafe18') in 0.07856 seconds
Number of updated asset objects reloaded before import = 0Number of asset objects unloaded after import = 20

========================================================================
Received Import Request.
  Time since last request: 84.945939 seconds.
  path: Assets/Sprites/2D Casual UI/Sprite/GUI_green.png
  artifactKey: Guid(b6774cdb49900114db8b03547136e5d5) Importer(815301076,1909f56bfc062723c751e8b465ee728b)
Start importing Assets/Sprites/2D Casual UI/Sprite/GUI_green.png using Guid(b6774cdb49900114db8b03547136e5d5) Importer(815301076,1909f56bfc062723c751e8b465ee728b) (PreviewImporter) -> (artifact id: 'ae2fbbf0c16c34d58cdd1e47639d06a8') in 0.073576 seconds
Number of updated asset objects reloaded before import = 0Number of asset objects unloaded after import = 20

========================================================================
Received Import Request.
  Time since last request: 17152.378217 seconds.
  path: Assets/Sprites/2D Casual UI/Sprite/GUI_gray.png
  artifactKey: Guid(4e7d5065a3f22784d84456575f2d9f27) Importer(815301076,1909f56bfc062723c751e8b465ee728b)
Start importing Assets/Sprites/2D Casual UI/Sprite/GUI_gray.png using Guid(4e7d5065a3f22784d84456575f2d9f27) Importer(815301076,1909f56bfc062723c751e8b465ee728b) (PreviewImporter) -> (artifact id: 'cfcfe9ffa5d1ad8e50273d83f6522b16') in 0.0925053 seconds
Number of updated asset objects reloaded before import = 0Number of asset objects unloaded after import = 20

========================================================================
Received Prepare
Begin MonoManager ReloadAssembly
- Loaded All Assemblies, in  0.716 seconds
Refreshing native plugins compatible for Editor in 1.62 ms, found 4 plugins.
Native extension for iOS target not found
Native extension for Android target not found
Native extension for WindowsStandalone target not found
Native extension for WebGL target not found
Mono: successfully reloaded assembly
- Finished resetting the current domain, in  0.808 seconds
Domain Reload Profiling: 1521ms
	BeginReloadAssembly (220ms)
		ExecutionOrderSort (0ms)
		DisableScriptedObjects (21ms)
		BackupInstance (0ms)
		ReleaseScriptingObjects (0ms)
		CreateAndSetChildDomain (77ms)
	RebuildCommonClasses (35ms)
	RebuildNativeTypeToScriptingClass (10ms)
	initialDomainReloadingComplete (25ms)
	LoadAllAssembliesAndSetupDomain (423ms)
		LoadAssemblies (340ms)
		RebuildTransferFunctionScriptingTraits (0ms)
		AnalyzeDomain (169ms)
			TypeCache.Refresh (5ms)
				TypeCache.ScanAssembly (0ms)
			BuildScriptInfoCaches (151ms)
			ResolveRequiredComponents (8ms)
	FinalizeReload (808ms)
		ReleaseScriptCaches (0ms)
		RebuildScriptCaches (0ms)
		SetupLoadedEditorAssemblies (634ms)
			LogAssemblyErrors (0ms)
			InitializePlatformSupportModulesInManaged (15ms)
			SetLoadedEditorAssemblies (3ms)
			BeforeProcessingInitializeOnLoad (90ms)
			ProcessInitializeOnLoadAttributes (475ms)
			ProcessInitializeOnLoadMethodAttributes (48ms)
			AfterProcessingInitializeOnLoad (4ms)
			EditorAssembliesLoaded (0ms)
		ExecutionOrderSort2 (0ms)
		AwakeInstancesAfterBackupRestoration (10ms)
Refreshing native plugins compatible for Editor in 1.55 ms, found 4 plugins.
Preloading 0 native plugins for Editor in 0.00 ms.
Unloading 13 Unused Serialized files (Serialized files now loaded: 0)
Unloading 6584 unused Assets / (4.4 MB). Loaded Objects now: 7465.
Memory consumption went from 153.1 MB to 148.7 MB.
Total: 7.739800 ms (FindLiveObjects: 0.763000 ms CreateObjectMapping: 0.305000 ms MarkObjects: 4.399900 ms  DeleteObjects: 2.270800 ms)

Prepare: number of updated asset objects reloaded= 0
========================================================================
Received Prepare
Begin MonoManager ReloadAssembly
- Loaded All Assemblies, in  0.650 seconds
Refreshing native plugins compatible for Editor in 1.56 ms, found 4 plugins.
Native extension for iOS target not found
Native extension for Android target not found
Native extension for WindowsStandalone target not found
Native extension for WebGL target not found
Mono: successfully reloaded assembly
- Finished resetting the current domain, in  0.826 seconds
Domain Reload Profiling: 1476ms
	BeginReloadAssembly (201ms)
		ExecutionOrderSort (0ms)
		DisableScriptedObjects (11ms)
		BackupInstance (0ms)
		ReleaseScriptingObjects (0ms)
		CreateAndSetChildDomain (68ms)
	RebuildCommonClasses (26ms)
	RebuildNativeTypeToScriptingClass (10ms)
	initialDomainReloadingComplete (22ms)
	LoadAllAssembliesAndSetupDomain (390ms)
		LoadAssemblies (302ms)
		RebuildTransferFunctionScriptingTraits (0ms)
		AnalyzeDomain (162ms)
			TypeCache.Refresh (5ms)
				TypeCache.ScanAssembly (0ms)
			BuildScriptInfoCaches (144ms)
			ResolveRequiredComponents (9ms)
	FinalizeReload (827ms)
		ReleaseScriptCaches (0ms)
		RebuildScriptCaches (0ms)
		SetupLoadedEditorAssemblies (646ms)
			LogAssemblyErrors (0ms)
			InitializePlatformSupportModulesInManaged (15ms)
			SetLoadedEditorAssemblies (4ms)
			BeforeProcessingInitializeOnLoad (118ms)
			ProcessInitializeOnLoadAttributes (446ms)
			ProcessInitializeOnLoadMethodAttributes (57ms)
			AfterProcessingInitializeOnLoad (6ms)
			EditorAssembliesLoaded (0ms)
		ExecutionOrderSort2 (0ms)
		AwakeInstancesAfterBackupRestoration (16ms)
Refreshing native plugins compatible for Editor in 1.89 ms, found 4 plugins.
Preloading 0 native plugins for Editor in 0.00 ms.
Unloading 13 Unused Serialized files (Serialized files now loaded: 0)
Unloading 6584 unused Assets / (5.0 MB). Loaded Objects now: 7467.
Memory consumption went from 153.0 MB to 148.0 MB.
Total: 13.942200 ms (FindLiveObjects: 1.100900 ms CreateObjectMapping: 0.493500 ms MarkObjects: 7.710600 ms  DeleteObjects: 4.635800 ms)

Prepare: number of updated asset objects reloaded= 0
